

REPORT   ERRORS
   6     INVALID INVOICE CODE               SKU CODE IS NOT ALPHABETIC
   7     INVOICE NUMBER CANNOT BE REPEATED
   9     INVOICE NUMBER NOT IN RANGE
  14     INVOICE NUMBER MUST BE NUMERIC
  23     INVOICE NUMBER CANNOT BE REPEATED
  24     INVALID INVOICE CODE
  30     SKU CODE IS NOT ALPHABETIC
  31     INVOICE NUMBER CANNOT BE REPEATED
  34     TRANSACTION AMOUNT MUST BE NUMERIC INVALID PAYMENT TYPE
  44     INVOICE NUMBER MUST BE NUMERIC     INVOICE NUMBER NOT IN RANGE
  45     INVOICE NUMBER CANNOT BE REPEATED
  47     INVALID TRANSACTION CODE           TRANSACTION AMOUNT MUST BE NUMERIC
  49     SKU CODE IS NOT ALPHABETIC
  51     INVALID TRANSACTION CODE
  52     INVALID PAYMENT TYPE
  54     SKU CODE IS NOT ALPHABETIC
  57     INVALID PAYMENT TYPE
  59     INVALID TRANSACTION CODE
  63     INVALID INVOICE CODE
  64     INVOICE NUMBER CANNOT BE REPEATED
  72     INVOICE NUMBER CANNOT BE REPEATED
  74     INVALID PAYMENT TYPE
  75     INVALID TRANSACTION CODE
  81     INVALID STORE NUMBER
  85     INVALID STORE NUMBER
  87     INVOICE NUMBER CANNOT BE REPEATED
  90     INVOICE NUMBER NOT IN RANGE
  91     INVALID INVOICE CODE               INVOICE NUMBER NOT IN RANGE
  92     INVOICE NUMBER CANNOT BE REPEATED  INVOICE NUMBER NOT IN RANGE
  93     INVOICE NUMBER NOT IN RANGE
  94     INVOICE NUMBER NOT IN RANGE
  95     INVOICE NUMBER NOT IN RANGE
  96     INVOICE NUMBER NOT IN RANGE
  97     TRANSACTION AMOUNT MUST BE NUMERIC INVALID STORE NUMBER               INVOICE NUMBER NOT IN RANGE
  98     INVOICE NUMBER MUST BE NUMERIC     INVOICE NUMBER NOT IN RANGE
  99     INVOICE NUMBER CANNOT BE REPEATED  INVOICE NUMBER MUST BE NUMERIC     INVOICE NUMBER NOT IN RANGE
 106     SKU CODE IS NOT ALPHABETIC
 110     TRANSACTION AMOUNT MUST BE NUMERIC INVALID PAYMENT TYPE
 113     INVOICE NUMBER CANNOT BE REPEATED
 123     TRANSACTION AMOUNT MUST BE NUMERIC
 125     INVALID PAYMENT TYPE               INVALID STORE NUMBER               INVOICE NUMBER CANNOT BE REPEATED  SKU CODE IS NOT ALPHABETIC
 127     INVALID TRANSACTION CODE
 128     INVALID PAYMENT TYPE
 131     INVOICE NUMBER MUST BE NUMERIC
 133     INVALID PAYMENT TYPE
 135     INVALID TRANSACTION CODE
 136     INVOICE NUMBER CANNOT BE REPEATED
 143     INVOICE NUMBER CANNOT BE REPEATED
 149     INVOICE NUMBER MUST BE NUMERIC
 150     INVALID PAYMENT TYPE
 151     INVALID TRANSACTION CODE           INVALID STORE NUMBER
 152     INVALID STORE NUMBER

Total Valid Records:      100
Total Invalid Records:     52
Total Records:             52